<?xml version="1.0" encoding="UTF-8"?>
<!-- Generated by org.testng.reporters.JUnitReportReporter -->
<testsuite hostname="INBOOK_X1_SLIM" failures="0" tests="2" name="airbnb_testing.Data_Provider" time="0.052" errors="0" timestamp="2024-09-25T08:34:15 IST" skipped="0">
  <testcase classname="airbnb_testing.Data_Provider" name="Login" time="0.044"/>
  <testcase classname="airbnb_testing.Data_Provider" name="Login" time="0.008"/>
</testsuite> <!-- airbnb_testing.Data_Provider -->
