<?xml version="1.0" encoding="UTF-8"?>
<!-- Generated by org.testng.reporters.JUnitReportReporter -->
<testsuite hostname="INBOOK_X1_SLIM" failures="0" tests="6" name="airbnb_testing.Airbnb_Test" time="31.767" errors="0" timestamp="2024-09-07T23:50:08 IST" skipped="0">
  <testcase classname="airbnb_testing.Airbnb_Test" name="invokeBrowser" time="2.715"/>
  <testcase classname="airbnb_testing.Airbnb_Test" name="setLocation" time="4.525"/>
  <testcase classname="airbnb_testing.Airbnb_Test" name="applyingFilter" time="1.649"/>
  <testcase classname="airbnb_testing.Airbnb_Test" name="bookingFirstHotel" time="0.381"/>
  <testcase classname="airbnb_testing.Airbnb_Test" name="changeLanguage" time="19.021"/>
  <testcase classname="airbnb_testing.Airbnb_Test" name="closingPopUp" time="3.476"/>
</testsuite> <!-- airbnb_testing.Airbnb_Test -->
