<?xml version="1.0" encoding="UTF-8"?>
<!-- Generated by org.testng.reporters.JUnitReportReporter -->
<testsuite hostname="INBOOK_X1_SLIM" failures="0" tests="6" name="airbnb_testing.Airbnb_Test" time="35.278" errors="0" timestamp="2024-09-07T15:07:31 IST" skipped="0">
  <testcase classname="airbnb_testing.Airbnb_Test" name="setLocation" time="5.513"/>
  <testcase classname="airbnb_testing.Airbnb_Test" name="applyingFilter" time="1.557"/>
  <testcase classname="airbnb_testing.Airbnb_Test" name="invokeBrowser" time="2.630"/>
  <testcase classname="airbnb_testing.Airbnb_Test" name="changeLanguage" time="19.138"/>
  <testcase classname="airbnb_testing.Airbnb_Test" name="bookingFirstHotel" time="0.640"/>
  <testcase classname="airbnb_testing.Airbnb_Test" name="closingPopUp" time="5.800"/>
</testsuite> <!-- airbnb_testing.Airbnb_Test -->
